Entidade.obj : error LNK2019: símbolo externo não resolvido, "__declspec(dllimport) public: __cdecl sf::RectangleShape::RectangleShape(class sf::Vector2<float> const &)" (__imp_??0RectangleShape@sf@@QEAA@AEBV?$Vector2@M@1@@Z), referenciado na função "public: __cdecl Entidade::Entidade(void)" (??0Entidade@@QEAA@XZ)
Entidade.obj : error LNK2019: símbolo externo não resolvido, "__declspec(dllimport) public: virtual __cdecl sf::RectangleShape::~RectangleShape(void)" (__imp_??1RectangleShape@sf@@UEAA@XZ), referenciado na função "public: __cdecl Entidade::~Entidade(void)" (??1Entidade@@QEAA@XZ)
Entidade.obj : error LNK2019: símbolo externo não resolvido, "__declspec(dllimport) public: void __cdecl sf::RenderTarget::draw(class sf::Drawable const &,class sf::RenderStates const &)" (__imp_?draw@RenderTarget@sf@@QEAAXAEBVDrawable@2@AEBVRenderStates@2@@Z), referenciado na função "public: void __cdecl Entidade::drawWindow(void)" (?drawWindow@Entidade@@QEAAXXZ)
Entidade.obj : error LNK2019: símbolo externo não resolvido, "__declspec(dllimport) public: static class sf::RenderStates const sf::RenderStates::Default" (__imp_?Default@RenderStates@sf@@2V12@B), referenciado na função "public: void __cdecl Entidade::drawWindow(void)" (?drawWindow@Entidade@@QEAAXXZ)
Jogador.obj : error LNK2019: símbolo externo não resolvido, "__declspec(dllimport) public: static bool __cdecl sf::Keyboard::isKeyPressed(enum sf::Keyboard::Key)" (__imp_?isKeyPressed@Keyboard@sf@@SA_NW4Key@12@@Z), referenciado na função "public: void __cdecl Jogador::mover(void)" (?mover@Jogador@@QEAAXXZ)
Jogador.obj : error LNK2019: símbolo externo não resolvido, "__declspec(dllimport) public: void __cdecl sf::Transformable::move(class sf::Vector2<float> const &)" (__imp_?move@Transformable@sf@@QEAAXAEBV?$Vector2@M@2@@Z), referenciado na função "public: void __cdecl Jogador::mover(void)" (?mover@Jogador@@QEAAXXZ)
Jogo.obj : error LNK2019: símbolo externo não resolvido, "__declspec(dllimport) public: __cdecl sf::String::String(char const *,class std::locale const &)" (__imp_??0String@sf@@QEAA@PEBDAEBVlocale@std@@@Z), referenciado na função "public: __cdecl Jogo::Jogo(void)" (??0Jogo@@QEAA@XZ)
Jogo.obj : error LNK2019: símbolo externo não resolvido, "__declspec(dllimport) public: __cdecl sf::String::~String(void)" (__imp_??1String@sf@@QEAA@XZ), referenciado na função "public: __cdecl Jogo::Jogo(void)" (??0Jogo@@QEAA@XZ)
Jogo.obj : error LNK2019: símbolo externo não resolvido, "__declspec(dllimport) public: __cdecl sf::VideoMode::VideoMode(unsigned int,unsigned int,unsigned int)" (__imp_??0VideoMode@sf@@QEAA@III@Z), referenciado na função "public: __cdecl Jogo::Jogo(void)" (??0Jogo@@QEAA@XZ)
Jogo.obj : error LNK2019: símbolo externo não resolvido, "__declspec(dllimport) public: void __cdecl sf::Window::close(void)" (__imp_?close@Window@sf@@QEAAXXZ), referenciado na função "public: void __cdecl Jogo::executar(void)" (?executar@Jogo@@QEAAXXZ)
Jogo.obj : error LNK2019: símbolo externo não resolvido, "__declspec(dllimport) public: bool __cdecl sf::Window::isOpen(void)const " (__imp_?isOpen@Window@sf@@QEBA_NXZ), referenciado na função "public: void __cdecl Jogo::executar(void)" (?executar@Jogo@@QEAAXXZ)
Jogo.obj : error LNK2019: símbolo externo não resolvido, "__declspec(dllimport) public: bool __cdecl sf::Window::pollEvent(class sf::Event &)" (__imp_?pollEvent@Window@sf@@QEAA_NAEAVEvent@2@@Z), referenciado na função "public: void __cdecl Jogo::executar(void)" (?executar@Jogo@@QEAAXXZ)
Jogo.obj : error LNK2019: símbolo externo não resolvido, "__declspec(dllimport) public: void __cdecl sf::Window::display(void)" (__imp_?display@Window@sf@@QEAAXXZ), referenciado na função "public: void __cdecl Jogo::executar(void)" (?executar@Jogo@@QEAAXXZ)
Jogo.obj : error LNK2019: símbolo externo não resolvido, "__declspec(dllimport) public: __cdecl sf::Color::Color(unsigned char,unsigned char,unsigned char,unsigned char)" (__imp_??0Color@sf@@QEAA@EEEE@Z), referenciado na função "public: void __cdecl Jogo::executar(void)" (?executar@Jogo@@QEAAXXZ)
Jogo.obj : error LNK2019: símbolo externo não resolvido, "__declspec(dllimport) public: void __cdecl sf::RenderTarget::clear(class sf::Color const &)" (__imp_?clear@RenderTarget@sf@@QEAAXAEBVColor@2@@Z), referenciado na função "public: void __cdecl Jogo::executar(void)" (?executar@Jogo@@QEAAXXZ)
Jogo.obj : error LNK2019: símbolo externo não resolvido, "__declspec(dllimport) public: __cdecl sf::RenderWindow::RenderWindow(class sf::VideoMode,class sf::String const &,unsigned int,struct sf::ContextSettings const &)" (__imp_??0RenderWindow@sf@@QEAA@VVideoMode@1@AEBVString@1@IAEBUContextSettings@1@@Z), referenciado na função "public: __cdecl Jogo::Jogo(void)" (??0Jogo@@QEAA@XZ)
Jogo.obj : error LNK2019: símbolo externo não resolvido, "__declspec(dllimport) public: virtual __cdecl sf::RenderWindow::~RenderWindow(void)" (__imp_??1RenderWindow@sf@@UEAA@XZ), referenciado na função "int `public: __cdecl Jogo::Jogo(void)'::`1'::dtor$2" (?dtor$2@?0???0Jogo@@QEAA@XZ@4HA)
D:\Adryan\Estudo\FACULDADE\2º Periodo\TEC-PROG\PROJETO\PROJETO_JOGO_VS\Projeto_Jogo\SFML-2.5.1\lib\sfml-graphics-d.lib : warning LNK4272: o tipo de máquina da biblioteca 'x86' está em conflito com o tipo de máquina de destino 'x64'
D:\Adryan\Estudo\FACULDADE\2º Periodo\TEC-PROG\PROJETO\PROJETO_JOGO_VS\Projeto_Jogo\SFML-2.5.1\lib\sfml-window-d.lib : warning LNK4272: o tipo de máquina da biblioteca 'x86' está em conflito com o tipo de máquina de destino 'x64'
D:\Adryan\Estudo\FACULDADE\2º Periodo\TEC-PROG\PROJETO\PROJETO_JOGO_VS\Projeto_Jogo\SFML-2.5.1\lib\sfml-audio-d.lib : warning LNK4272: o tipo de máquina da biblioteca 'x86' está em conflito com o tipo de máquina de destino 'x64'
D:\Adryan\Estudo\FACULDADE\2º Periodo\TEC-PROG\PROJETO\PROJETO_JOGO_VS\Projeto_Jogo\SFML-2.5.1\lib\sfml-network-d.lib : warning LNK4272: o tipo de máquina da biblioteca 'x86' está em conflito com o tipo de máquina de destino 'x64'
D:\Adryan\Estudo\FACULDADE\2º Periodo\TEC-PROG\PROJETO\PROJETO_JOGO_VS\Projeto_Jogo\SFML-2.5.1\lib\sfml-system-d.lib : warning LNK4272: o tipo de máquina da biblioteca 'x86' está em conflito com o tipo de máquina de destino 'x64'
D:\Adryan\Estudo\FACULDADE\2º Periodo\TEC-PROG\PROJETO\PROJETO_JOGO_VS\Projeto_Jogo\VS\ConsoleApplication1\x64\Debug\Jogo(TEC-PROG).exe : fatal error LNK1120: 17 externo não resolvidos
